e:\second year\c++ oop\oopcalculator\x64\debug\calculator.calculator.resources
e:\second year\c++ oop\oopcalculator\x64\debug\vc141.pdb
e:\second year\c++ oop\oopcalculator\x64\debug\.netframework,version=v4.6.1.assemblyattributes.obj
e:\second year\c++ oop\oopcalculator\x64\debug\.netframework,version=v4.6.1.assemblyattributes.asm
e:\second year\c++ oop\oopcalculator\x64\debug\number.obj
e:\second year\c++ oop\oopcalculator\x64\debug\calculator.obj
e:\second year\c++ oop\oopcalculator\x64\debug\calculator.exe
e:\second year\c++ oop\oopcalculator\x64\debug\calculator.pdb
e:\second year\c++ oop\oopcalculator\x64\debug\calculator.vcxproj.generateresource.cache
e:\second year\c++ oop\oopcalculator\x64\debug\calculator.vcxprojassemblyreference.cache
e:\second year\c++ oop\oopcalculator\x64\debug\calculator.vcxprojresolveassemblyreference.cache
e:\second year\c++ oop\oopcalculator\x64\debug\nativecodeanalysis.read.1.tlog
e:\second year\c++ oop\oopcalculator\x64\debug\.netframework,version=v4.6.1.assemblyattributes.nativecodeanalysis.xml
e:\second year\c++ oop\oopcalculator\x64\debug\calculator.nativecodeanalysis.xml
e:\second year\c++ oop\oopcalculator\x64\debug\number.nativecodeanalysis.xml
e:\second year\c++ oop\oopcalculator\x64\debug\vc.nativecodeanalysis.all.xml
e:\second year\c++ oop\oopcalculator\x64\debug\calculator.exe.metagen
e:\second year\c++ oop\oopcalculator\x64\debug\calculator.tlog\calculator.write.1u.tlog
e:\second year\c++ oop\oopcalculator\x64\debug\calculator.tlog\cl.command.1.tlog
e:\second year\c++ oop\oopcalculator\x64\debug\calculator.tlog\cl.read.1.tlog
e:\second year\c++ oop\oopcalculator\x64\debug\calculator.tlog\cl.write.1.tlog
e:\second year\c++ oop\oopcalculator\x64\debug\calculator.tlog\link.command.1.tlog
e:\second year\c++ oop\oopcalculator\x64\debug\calculator.tlog\link.read.1.tlog
e:\second year\c++ oop\oopcalculator\x64\debug\calculator.tlog\link.write.1.tlog
e:\second year\c++ oop\oopcalculator\x64\debug\calculator.tlog\metagen.read.1.tlog
e:\second year\c++ oop\oopcalculator\x64\debug\calculator.tlog\metagen.write.1.tlog
e:\second year\c++ oop\oopcalculator\x64\debug\calculator.tlog\tzres.dll.bi
